------------------------------------------------------------------------------------------------------------------------

[2014-08-31 10:28:36 #1 store] 
Database '/Users/thomasverbeke/Code/Project/ttrex_raspi/track.odb' has been recovered (tr. 10-10)

[2014-08-31 10:28:36 #2 store] 
Database '/Users/thomasverbeke/Code/Project/ttrex_raspi/track.odb' is opened by 24507@Thomas-MacBook-Pro.local

[2014-08-31 10:28:36 #3 type] 
Type raspi.identities.PositionWrapper is not enhanced.

------------------------------------------------------------------------------------------------------------------------

[2014-08-31 10:57:28 #1 store] 
Database '/Users/thomasverbeke/Code/Project/ttrex_raspi/track.odb' is opened by 24572@Thomas-MacBook-Pro.local

[2014-08-31 10:57:28 #2 type] 
Type raspi.identities.PositionWrapper is not enhanced.

------------------------------------------------------------------------------------------------------------------------

[2014-08-31 10:58:06 #1 store] 
Database '/Users/thomasverbeke/Code/Project/ttrex_raspi/track.odb' has been recovered (tr. 12-12)

[2014-08-31 10:58:06 #2 store] 
Database '/Users/thomasverbeke/Code/Project/ttrex_raspi/track.odb' is opened by 24573@Thomas-MacBook-Pro.local

[2014-08-31 10:58:06 #3 type] 
Type raspi.identities.PositionWrapper is not enhanced.

------------------------------------------------------------------------------------------------------------------------

[2014-08-31 11:07:37 #1 store] 
Database '/Users/thomasverbeke/Code/Project/ttrex_raspi/track.odb' is opened by 24588@Thomas-MacBook-Pro.local

[2014-08-31 11:07:37 #2 type] 
Type raspi.identities.PositionWrapper is not enhanced.

------------------------------------------------------------------------------------------------------------------------

[2014-08-31 11:08:22 #1 store] 
Database '/Users/thomasverbeke/Code/Project/ttrex_raspi/track.odb' has been recovered (tr. 14-14)

[2014-08-31 11:08:23 #2 store] 
Database '/Users/thomasverbeke/Code/Project/ttrex_raspi/track.odb' is opened by 24589@Thomas-MacBook-Pro.local

[2014-08-31 11:08:23 #3 type] 
Type raspi.identities.PositionWrapper is not enhanced.

------------------------------------------------------------------------------------------------------------------------

[2014-08-31 11:08:32 #1 store] 
Database '/Users/thomasverbeke/Code/Project/ttrex_raspi/track.odb' has been recovered (tr. 16-16)

[2014-08-31 11:08:32 #2 store] 
Database '/Users/thomasverbeke/Code/Project/ttrex_raspi/track.odb' is opened by 24590@Thomas-MacBook-Pro.local

[2014-08-31 11:08:32 #3 type] 
Type raspi.identities.PositionWrapper is not enhanced.

------------------------------------------------------------------------------------------------------------------------

[2014-08-31 11:18:54 #1 store] 
Database '/Users/thomasverbeke/Code/Project/ttrex_raspi/track.odb' has been recovered (tr. 18-18)

[2014-08-31 11:18:54 #2 store] 
Database '/Users/thomasverbeke/Code/Project/ttrex_raspi/track.odb' is opened by 24615@Thomas-MacBook-Pro.local

[2014-08-31 11:18:54 #3 type] 
Type raspi.identities.PositionWrapper is not enhanced.

------------------------------------------------------------------------------------------------------------------------

[2014-08-31 11:19:39 #1 store] 
Database '/Users/thomasverbeke/Code/Project/ttrex_raspi/track.odb' has been recovered (tr. 20-20)

[2014-08-31 11:19:39 #2 store] 
Database '/Users/thomasverbeke/Code/Project/ttrex_raspi/track.odb' is opened by 24616@Thomas-MacBook-Pro.local

[2014-08-31 11:19:40 #3 type] 
Type raspi.identities.PositionWrapper is not enhanced.

------------------------------------------------------------------------------------------------------------------------

[2014-08-31 11:20:15 #1 store] 
Database '/Users/thomasverbeke/Code/Project/ttrex_raspi/track.odb' is opened by 24617@Thomas-MacBook-Pro.local

[2014-08-31 11:20:15 #2 type] 
Type raspi.identities.PositionWrapper is not enhanced.

------------------------------------------------------------------------------------------------------------------------

[2014-08-31 11:22:55 #1 store] 
Database '/Users/thomasverbeke/Code/Project/ttrex_raspi/track.odb' is opened by 24623@Thomas-MacBook-Pro.local

[2014-08-31 11:22:55 #2 type] 
Type raspi.identities.PositionWrapper is not enhanced.

------------------------------------------------------------------------------------------------------------------------

[2014-08-31 11:23:34 #1 store] 
Database '/Users/thomasverbeke/Code/Project/ttrex_raspi/track.odb' is opened by 24624@Thomas-MacBook-Pro.local

[2014-08-31 11:23:34 #2 type] 
Type raspi.identities.PositionWrapper is not enhanced.

------------------------------------------------------------------------------------------------------------------------

[2014-08-31 11:25:19 #1 store] 
Database '/Users/thomasverbeke/Code/Project/ttrex_raspi/track.odb' is opened by 24627@Thomas-MacBook-Pro.local

[2014-08-31 11:25:19 #2 type] 
Type raspi.identities.PositionWrapper is not enhanced.

------------------------------------------------------------------------------------------------------------------------

[2014-08-31 11:27:21 #1 store] 
Database '/Users/thomasverbeke/Code/Project/ttrex_raspi/track.odb' is opened by 24631@Thomas-MacBook-Pro.local

[2014-08-31 11:27:21 #2 type] 
Type raspi.identities.PositionWrapper is not enhanced.

------------------------------------------------------------------------------------------------------------------------

[2014-08-31 11:27:46 #1 store] 
Database '/Users/thomasverbeke/Code/Project/ttrex_raspi/track.odb' has been recovered (tr. 22-22)

[2014-08-31 11:27:46 #2 store] 
Database '/Users/thomasverbeke/Code/Project/ttrex_raspi/track.odb' is opened by 24632@Thomas-MacBook-Pro.local

[2014-08-31 11:27:46 #3 type] 
Type raspi.identities.PositionWrapper is not enhanced.

------------------------------------------------------------------------------------------------------------------------

[2014-08-31 11:28:13 #1 store] 
Database '/Users/thomasverbeke/Code/Project/ttrex_raspi/track.odb' has been recovered (tr. 24-26)

[2014-08-31 11:28:13 #2 store] 
Database '/Users/thomasverbeke/Code/Project/ttrex_raspi/track.odb' is opened by 24633@Thomas-MacBook-Pro.local

[2014-08-31 11:28:13 #3 type] 
Type raspi.identities.PositionWrapper is not enhanced.

------------------------------------------------------------------------------------------------------------------------

[2014-08-31 11:33:30 #1 store] 
Database '/Users/thomasverbeke/Code/Project/ttrex_raspi/track.odb' has been recovered (tr. 28-30)

[2014-08-31 11:33:30 #2 store] 
Database '/Users/thomasverbeke/Code/Project/ttrex_raspi/track.odb' is opened by 24643@Thomas-MacBook-Pro.local

[2014-08-31 11:33:30 #3 type] 
Type raspi.identities.PositionWrapper is not enhanced.

------------------------------------------------------------------------------------------------------------------------

[2014-08-31 11:33:56 #1 store] 
Database '/Users/thomasverbeke/Code/Project/ttrex_raspi/track.odb' has been recovered (tr. 32-32)

[2014-08-31 11:33:56 #2 store] 
Database '/Users/thomasverbeke/Code/Project/ttrex_raspi/track.odb' is opened by 24644@Thomas-MacBook-Pro.local

[2014-08-31 11:33:56 #3 type] 
Type raspi.identities.PositionWrapper is not enhanced.

------------------------------------------------------------------------------------------------------------------------

[2014-08-31 11:52:22 #1 store] 
Database '/Users/thomasverbeke/Code/Project/ttrex_raspi/track.odb' has been recovered (tr. 34-34)

[2014-08-31 11:52:22 #2 store] 
Database '/Users/thomasverbeke/Code/Project/ttrex_raspi/track.odb' is opened by 24700@Thomas-MacBook-Pro.local

[2014-08-31 11:52:22 #3 type] 
Type raspi.identities.PositionWrapper is not enhanced.

------------------------------------------------------------------------------------------------------------------------

[2014-08-31 11:56:54 #1 store] 
Database '/Users/thomasverbeke/Code/Project/ttrex_raspi/track.odb' has been recovered (tr. 36-36)

[2014-08-31 11:56:54 #2 store] 
Database '/Users/thomasverbeke/Code/Project/ttrex_raspi/track.odb' is opened by 24708@Thomas-MacBook-Pro.local

[2014-08-31 11:56:54 #3 type] 
Type raspi.identities.PositionWrapper is not enhanced.

------------------------------------------------------------------------------------------------------------------------

[2014-08-31 12:13:32 #1 store] 
Database '/Users/thomasverbeke/Code/Project/ttrex_raspi/track.odb' has been recovered (tr. 38-38)

[2014-08-31 12:13:32 #2 store] 
Database '/Users/thomasverbeke/Code/Project/ttrex_raspi/track.odb' is opened by 24737@Thomas-MacBook-Pro.local

[2014-08-31 12:13:33 #3 type] 
Type raspi.identities.PositionWrapper is not enhanced.

------------------------------------------------------------------------------------------------------------------------

[2014-08-31 12:14:06 #1 store] 
Database '/Users/thomasverbeke/Code/Project/ttrex_raspi/track.odb' has been recovered (tr. 40-40)

[2014-08-31 12:14:06 #2 store] 
Database '/Users/thomasverbeke/Code/Project/ttrex_raspi/track.odb' is opened by 24739@Thomas-MacBook-Pro.local

[2014-08-31 12:14:06 #3 type] 
Type raspi.identities.PositionWrapper is not enhanced.

------------------------------------------------------------------------------------------------------------------------

[2014-08-31 12:14:30 #1 store] 
Database '/Users/thomasverbeke/Code/Project/ttrex_raspi/track.odb' is opened by 24740@Thomas-MacBook-Pro.local

[2014-08-31 12:14:30 #2 type] 
Type raspi.identities.PositionWrapper is not enhanced.

------------------------------------------------------------------------------------------------------------------------

[2014-08-31 12:14:58 #1 store] 
Database '/Users/thomasverbeke/Code/Project/ttrex_raspi/track.odb' has been recovered (tr. 42-44)

[2014-08-31 12:14:58 #2 store] 
Database '/Users/thomasverbeke/Code/Project/ttrex_raspi/track.odb' is opened by 24741@Thomas-MacBook-Pro.local

[2014-08-31 12:14:58 #3 type] 
Type raspi.identities.PositionWrapper is not enhanced.

------------------------------------------------------------------------------------------------------------------------

[2014-08-31 12:20:22 #1 store] 
Database '/Users/thomasverbeke/Code/Project/ttrex_raspi/track.odb' has been recovered (tr. 46-46)

[2014-08-31 12:20:22 #2 store] 
Database '/Users/thomasverbeke/Code/Project/ttrex_raspi/track.odb' is opened by 24774@Thomas-MacBook-Pro.local

[2014-08-31 12:20:22 #3 type] 
Type raspi.identities.PositionWrapper is not enhanced.

------------------------------------------------------------------------------------------------------------------------

[2014-08-31 12:21:37 #1 store] 
Database '/Users/thomasverbeke/Code/Project/ttrex_raspi/track.odb' has been recovered (tr. 48-48)

[2014-08-31 12:21:37 #2 store] 
Database '/Users/thomasverbeke/Code/Project/ttrex_raspi/track.odb' is opened by 24776@Thomas-MacBook-Pro.local

[2014-08-31 12:21:37 #3 type] 
Type raspi.identities.PositionWrapper is not enhanced.

------------------------------------------------------------------------------------------------------------------------

[2014-08-31 12:23:13 #1 store] 
Database '/Users/thomasverbeke/Code/Project/ttrex_raspi/track.odb' has been recovered (tr. 50-50)

[2014-08-31 12:23:13 #2 store] 
Database '/Users/thomasverbeke/Code/Project/ttrex_raspi/track.odb' is opened by 24784@Thomas-MacBook-Pro.local

[2014-08-31 12:23:13 #3 type] 
Type raspi.identities.PositionWrapper is not enhanced.

------------------------------------------------------------------------------------------------------------------------

[2014-08-31 13:25:42 #1 store] 
Database '/Users/thomasverbeke/Code/Project/ttrex_raspi/track.odb' has been recovered (tr. 52-52)

[2014-08-31 13:25:42 #2 store] 
Database '/Users/thomasverbeke/Code/Project/ttrex_raspi/track.odb' is opened by 24895@Thomas-MacBook-Pro.local

[2014-08-31 13:25:43 #3 type] 
Type raspi.identities.PositionWrapper is not enhanced.

------------------------------------------------------------------------------------------------------------------------

[2014-08-31 13:27:09 #1 store] 
Database '/Users/thomasverbeke/Code/Project/ttrex_raspi/track.odb' has been recovered (tr. 54-54)

[2014-08-31 13:27:09 #2 store] 
Database '/Users/thomasverbeke/Code/Project/ttrex_raspi/track.odb' is opened by 24900@Thomas-MacBook-Pro.local

[2014-08-31 13:27:09 #3 type] 
Type raspi.identities.PositionWrapper is not enhanced.

------------------------------------------------------------------------------------------------------------------------

[2014-08-31 13:29:07 #1 store] 
Database '/Users/thomasverbeke/Code/Project/ttrex_raspi/track.odb' has been recovered (tr. 56-56)

[2014-08-31 13:29:07 #2 store] 
Database '/Users/thomasverbeke/Code/Project/ttrex_raspi/track.odb' is opened by 24904@Thomas-MacBook-Pro.local

[2014-08-31 13:29:07 #3 type] 
Type raspi.identities.PositionWrapper is not enhanced.

------------------------------------------------------------------------------------------------------------------------

[2014-08-31 13:32:51 #1 store] 
Database '/Users/thomasverbeke/Code/Project/ttrex_raspi/track.odb' has been recovered (tr. 58-58)

[2014-08-31 13:32:51 #2 store] 
Database '/Users/thomasverbeke/Code/Project/ttrex_raspi/track.odb' is opened by 24910@Thomas-MacBook-Pro.local

[2014-08-31 13:32:51 #3 type] 
Type raspi.identities.PositionWrapper is not enhanced.

------------------------------------------------------------------------------------------------------------------------

[2014-08-31 13:46:41 #1 store] 
Database '/Users/thomasverbeke/Code/Project/ttrex_raspi/track.odb' has been recovered (tr. 60-60)

[2014-08-31 13:46:41 #2 store] 
Database '/Users/thomasverbeke/Code/Project/ttrex_raspi/track.odb' is opened by 24926@Thomas-MacBook-Pro.local

[2014-08-31 13:46:41 #3 type] 
Type raspi.identities.PositionWrapper is not enhanced.

------------------------------------------------------------------------------------------------------------------------

[2014-08-31 13:47:49 #1 store] 
Database '/Users/thomasverbeke/Code/Project/ttrex_raspi/track.odb' has been recovered (tr. 62-62)

[2014-08-31 13:47:49 #2 store] 
Database '/Users/thomasverbeke/Code/Project/ttrex_raspi/track.odb' is opened by 24927@Thomas-MacBook-Pro.local

[2014-08-31 13:47:49 #3 type] 
Type raspi.identities.PositionWrapper is not enhanced.

------------------------------------------------------------------------------------------------------------------------

[2014-08-31 13:58:38 #1 store] 
Database '/Users/thomasverbeke/Code/Project/ttrex_raspi/track.odb' has been recovered (tr. 64-64)

[2014-08-31 13:58:38 #2 store] 
Database '/Users/thomasverbeke/Code/Project/ttrex_raspi/track.odb' is opened by 24962@Thomas-MacBook-Pro.local

[2014-08-31 13:58:39 #3 type] 
Type raspi.identities.PositionWrapper is not enhanced.

------------------------------------------------------------------------------------------------------------------------

[2014-08-31 13:59:38 #1 store] 
Database '/Users/thomasverbeke/Code/Project/ttrex_raspi/track.odb' has been recovered (tr. 66-68)

[2014-08-31 13:59:38 #2 store] 
Database '/Users/thomasverbeke/Code/Project/ttrex_raspi/track.odb' is opened by 24966@Thomas-MacBook-Pro.local

[2014-08-31 13:59:38 #3 type] 
Type raspi.identities.PositionWrapper is not enhanced.

------------------------------------------------------------------------------------------------------------------------

[2014-08-31 14:06:23 #1 store] 
Database '/Users/thomasverbeke/Code/Project/ttrex_raspi/track.odb' has been recovered (tr. 70-70)

[2014-08-31 14:06:23 #2 store] 
Database '/Users/thomasverbeke/Code/Project/ttrex_raspi/track.odb' is opened by 24976@Thomas-MacBook-Pro.local

[2014-08-31 14:06:23 #3 type] 
Type raspi.identities.PositionWrapper is not enhanced.

------------------------------------------------------------------------------------------------------------------------

[2014-08-31 14:08:36 #1 store] 
Database '/Users/thomasverbeke/Code/Project/ttrex_raspi/track.odb' has been recovered (tr. 72-74)

[2014-08-31 14:08:36 #2 store] 
Database '/Users/thomasverbeke/Code/Project/ttrex_raspi/track.odb' is opened by 24979@Thomas-MacBook-Pro.local

[2014-08-31 14:08:36 #3 type] 
Type raspi.identities.PositionWrapper is not enhanced.

------------------------------------------------------------------------------------------------------------------------

[2014-08-31 14:10:31 #1 store] 
Database '/Users/thomasverbeke/Code/Project/ttrex_raspi/track.odb' has been recovered (tr. 76-76)

[2014-08-31 14:10:31 #2 store] 
Database '/Users/thomasverbeke/Code/Project/ttrex_raspi/track.odb' is opened by 24981@Thomas-MacBook-Pro.local

[2014-08-31 14:10:32 #3 type] 
Type raspi.identities.PositionWrapper is not enhanced.

------------------------------------------------------------------------------------------------------------------------

[2014-08-31 14:12:07 #1 store] 
Database '/Users/thomasverbeke/Code/Project/ttrex_raspi/track.odb' has been recovered (tr. 78-78)

[2014-08-31 14:12:07 #2 store] 
Database '/Users/thomasverbeke/Code/Project/ttrex_raspi/track.odb' is opened by 24982@Thomas-MacBook-Pro.local

[2014-08-31 14:12:07 #3 type] 
Type raspi.identities.PositionWrapper is not enhanced.

------------------------------------------------------------------------------------------------------------------------

[2014-08-31 14:12:26 #1 store] 
Database '/Users/thomasverbeke/Code/Project/ttrex_raspi/track.odb' has been recovered (tr. 80-82)

[2014-08-31 14:12:27 #2 store] 
Database '/Users/thomasverbeke/Code/Project/ttrex_raspi/track.odb' is opened by 24983@Thomas-MacBook-Pro.local

[2014-08-31 14:12:27 #3 type] 
Type raspi.identities.PositionWrapper is not enhanced.

------------------------------------------------------------------------------------------------------------------------

[2014-08-31 14:13:57 #1 store] 
Database '/Users/thomasverbeke/Code/Project/ttrex_raspi/track.odb' has been recovered (tr. 84-84)

[2014-08-31 14:13:57 #2 store] 
Database '/Users/thomasverbeke/Code/Project/ttrex_raspi/track.odb' is opened by 24988@Thomas-MacBook-Pro.local

[2014-08-31 14:13:58 #3 type] 
Type raspi.identities.PositionWrapper is not enhanced.

------------------------------------------------------------------------------------------------------------------------

[2014-08-31 14:16:53 #1 store] 
Database '/Users/thomasverbeke/Code/Project/ttrex_raspi/track.odb' has been recovered (tr. 86-86)

[2014-08-31 14:16:53 #2 store] 
Database '/Users/thomasverbeke/Code/Project/ttrex_raspi/track.odb' is opened by 24993@Thomas-MacBook-Pro.local

[2014-08-31 14:16:53 #3 type] 
Type raspi.identities.PositionWrapper is not enhanced.

------------------------------------------------------------------------------------------------------------------------

[2014-08-31 14:18:49 #1 store] 
Database '/Users/thomasverbeke/Code/Project/ttrex_raspi/track.odb' has been recovered (tr. 88-88)

[2014-08-31 14:18:49 #2 store] 
Database '/Users/thomasverbeke/Code/Project/ttrex_raspi/track.odb' is opened by 24997@Thomas-MacBook-Pro.local

[2014-08-31 14:18:49 #3 type] 
Type raspi.identities.PositionWrapper is not enhanced.

------------------------------------------------------------------------------------------------------------------------

[2014-08-31 16:09:47 #1 store] 
Database '/Users/thomasverbeke/Code/Project/ttrex_raspi/track.odb' has been recovered (tr. 90-92)

[2014-08-31 16:09:48 #2 store] 
Database '/Users/thomasverbeke/Code/Project/ttrex_raspi/track.odb' is opened by 25232@Thomas-MacBook-Pro.local

[2014-08-31 16:09:48 #3 type] 
Type raspi.identities.PositionWrapper is not enhanced.

------------------------------------------------------------------------------------------------------------------------

[2014-08-31 16:10:10 #1 store] 
Database '/Users/thomasverbeke/Code/Project/ttrex_raspi/track.odb' is opened by 25234@Thomas-MacBook-Pro.local

[2014-08-31 16:10:10 #2 type] 
Type raspi.identities.PositionWrapper is not enhanced.

------------------------------------------------------------------------------------------------------------------------

[2014-08-31 16:13:31 #1 store] 
Database '/Users/thomasverbeke/Code/Project/ttrex_raspi/track.odb' is opened by 25240@Thomas-MacBook-Pro.local

[2014-08-31 16:13:32 #2 type] 
Type raspi.identities.PositionWrapper is not enhanced.

------------------------------------------------------------------------------------------------------------------------

[2014-08-31 16:15:48 #1 store] 
Database '/Users/thomasverbeke/Code/Project/ttrex_raspi/track.odb' is opened by 25245@Thomas-MacBook-Pro.local

[2014-08-31 16:15:48 #2 type] 
Type raspi.identities.PositionWrapper is not enhanced.

------------------------------------------------------------------------------------------------------------------------

[2014-08-31 16:16:15 #1 store] 
Database '/Users/thomasverbeke/Code/Project/ttrex_raspi/track.odb' has been recovered (tr. 94-96)

[2014-08-31 16:16:16 #2 store] 
Database '/Users/thomasverbeke/Code/Project/ttrex_raspi/track.odb' is opened by 25249@Thomas-MacBook-Pro.local

[2014-08-31 16:16:16 #3 type] 
Type raspi.identities.PositionWrapper is not enhanced.

------------------------------------------------------------------------------------------------------------------------

[2014-08-31 16:18:59 #1 store] 
Database '/Users/thomasverbeke/Code/Project/ttrex_raspi/track.odb' has been recovered (tr. 98-100)

[2014-08-31 16:18:59 #2 store] 
Database '/Users/thomasverbeke/Code/Project/ttrex_raspi/track.odb' is opened by 25251@Thomas-MacBook-Pro.local

[2014-08-31 16:18:59 #3 type] 
Type raspi.identities.PositionWrapper is not enhanced.

------------------------------------------------------------------------------------------------------------------------

[2014-08-31 16:27:11 #1 store] 
Database '/Users/thomasverbeke/Code/Project/ttrex_raspi/track.odb' has been recovered (tr. 102-104)

[2014-08-31 16:27:11 #2 store] 
Database '/Users/thomasverbeke/Code/Project/ttrex_raspi/track.odb' is opened by 25262@Thomas-MacBook-Pro.local

[2014-08-31 16:27:12 #3 type] 
Type raspi.identities.PositionWrapper is not enhanced.

------------------------------------------------------------------------------------------------------------------------

[2014-08-31 16:32:02 #1 store] 
Database '/Users/thomasverbeke/Code/Project/ttrex_raspi/track.odb' is opened by 25270@Thomas-MacBook-Pro.local

[2014-08-31 16:32:02 #2 type] 
Type raspi.identities.PositionWrapper is not enhanced.

------------------------------------------------------------------------------------------------------------------------

[2014-08-31 16:32:49 #1 store] 
Database '/Users/thomasverbeke/Code/Project/ttrex_raspi/track.odb' has been recovered (tr. 106-108)

[2014-08-31 16:32:49 #2 store] 
Database '/Users/thomasverbeke/Code/Project/ttrex_raspi/track.odb' is opened by 25271@Thomas-MacBook-Pro.local

[2014-08-31 16:32:49 #3 type] 
Type raspi.identities.PositionWrapper is not enhanced.

