------------------------------------------------------------------------------------------------------------------------

[2014-09-01 20:22:19 #1 store] 
Database '/Users/thomasverbeke/Code/Project/ttrex_raspi/track.odb' has been recovered (tr. 110-112)

[2014-09-01 20:22:20 #2 store] 
Database '/Users/thomasverbeke/Code/Project/ttrex_raspi/track.odb' is opened by 28027@Thomas-MacBook-Pro.local

[2014-09-01 20:22:20 #3 type] 
Type raspi.identities.PositionWrapper is not enhanced.

------------------------------------------------------------------------------------------------------------------------

[2014-09-01 20:22:50 #1 store] 
Database '/Users/thomasverbeke/Code/Project/ttrex_raspi/track.odb' is opened by 28030@Thomas-MacBook-Pro.local

[2014-09-01 20:22:50 #2 type] 
Type raspi.identities.PositionWrapper is not enhanced.

------------------------------------------------------------------------------------------------------------------------

[2014-09-01 20:24:14 #1 store] 
Database '/Users/thomasverbeke/Code/Project/ttrex_raspi/track.odb' is opened by 28032@Thomas-MacBook-Pro.local

[2014-09-01 20:24:14 #2 type] 
Type raspi.identities.PositionWrapper is not enhanced.

------------------------------------------------------------------------------------------------------------------------

[2014-09-01 20:27:37 #1 store] 
Database '/Users/thomasverbeke/Code/Project/ttrex_raspi/track.odb' is opened by 28082@Thomas-MacBook-Pro.local

[2014-09-01 20:27:38 #2 type] 
Type raspi.identities.PositionWrapper is not enhanced.

------------------------------------------------------------------------------------------------------------------------

[2014-09-01 20:28:04 #1 store] 
Database '/Users/thomasverbeke/Code/Project/ttrex_raspi/track.odb' is opened by 28107@Thomas-MacBook-Pro.local

[2014-09-01 20:28:04 #2 type] 
Type raspi.identities.PositionWrapper is not enhanced.

------------------------------------------------------------------------------------------------------------------------

[2014-09-01 20:29:01 #1 store] 
Database '/Users/thomasverbeke/Code/Project/ttrex_raspi/track.odb' is opened by 28133@Thomas-MacBook-Pro.local

[2014-09-01 20:29:01 #2 type] 
Type raspi.identities.PositionWrapper is not enhanced.

------------------------------------------------------------------------------------------------------------------------

[2014-09-01 20:31:57 #1 store] 
Database '/Users/thomasverbeke/Code/Project/ttrex_raspi/track.odb' is opened by 28138@Thomas-MacBook-Pro.local

[2014-09-01 20:31:57 #2 type] 
Type raspi.identities.PositionWrapper is not enhanced.

------------------------------------------------------------------------------------------------------------------------

[2014-09-01 20:32:21 #1 store] 
Database '/Users/thomasverbeke/Code/Project/ttrex_raspi/track.odb' is opened by 28140@Thomas-MacBook-Pro.local

[2014-09-01 20:32:21 #2 type] 
Type raspi.identities.PositionWrapper is not enhanced.

------------------------------------------------------------------------------------------------------------------------

[2014-09-01 20:34:22 #1 store] 
Database '/Users/thomasverbeke/Code/Project/ttrex_raspi/track.odb' is opened by 28143@Thomas-MacBook-Pro.local

[2014-09-01 20:34:22 #2 type] 
Type raspi.identities.PositionWrapper is not enhanced.

------------------------------------------------------------------------------------------------------------------------

[2014-09-01 20:34:48 #1 store] 
Database '/Users/thomasverbeke/Code/Project/ttrex_raspi/track.odb' is opened by 28148@Thomas-MacBook-Pro.local

[2014-09-01 20:34:48 #2 type] 
Type raspi.identities.PositionWrapper is not enhanced.

------------------------------------------------------------------------------------------------------------------------

[2014-09-01 20:35:10 #1 store] 
Database '/Users/thomasverbeke/Code/Project/ttrex_raspi/track.odb' is opened by 28150@Thomas-MacBook-Pro.local

[2014-09-01 20:35:10 #2 type] 
Type raspi.identities.PositionWrapper is not enhanced.

------------------------------------------------------------------------------------------------------------------------

[2014-09-01 20:35:47 #1 store] 
Database '/Users/thomasverbeke/Code/Project/ttrex_raspi/track.odb' is opened by 28215@Thomas-MacBook-Pro.local

[2014-09-01 20:35:47 #2 type] 
Type raspi.identities.PositionWrapper is not enhanced.

------------------------------------------------------------------------------------------------------------------------

[2014-09-01 20:36:00 #1 store] 
Database '/Users/thomasverbeke/Code/Project/ttrex_raspi/track.odb' is opened by 28227@Thomas-MacBook-Pro.local

[2014-09-01 20:36:01 #2 type] 
Type raspi.identities.PositionWrapper is not enhanced.

------------------------------------------------------------------------------------------------------------------------

[2014-09-01 20:40:40 #1 store] 
Database '/Users/thomasverbeke/Code/Project/ttrex_raspi/track.odb' is opened by 28253@Thomas-MacBook-Pro.local

[2014-09-01 20:40:41 #2 type] 
Type raspi.identities.PositionWrapper is not enhanced.

------------------------------------------------------------------------------------------------------------------------

[2014-09-01 20:41:02 #1 store] 
Database '/Users/thomasverbeke/Code/Project/ttrex_raspi/track.odb' is opened by 28289@Thomas-MacBook-Pro.local

[2014-09-01 20:41:02 #2 type] 
Type raspi.identities.PositionWrapper is not enhanced.

------------------------------------------------------------------------------------------------------------------------

[2014-09-01 20:41:45 #1 store] 
Database '/Users/thomasverbeke/Code/Project/ttrex_raspi/track.odb' is opened by 28294@Thomas-MacBook-Pro.local

[2014-09-01 20:41:45 #2 type] 
Type raspi.identities.PositionWrapper is not enhanced.

------------------------------------------------------------------------------------------------------------------------

[2014-09-01 20:42:19 #1 store] 
Database '/Users/thomasverbeke/Code/Project/ttrex_raspi/track.odb' is opened by 28298@Thomas-MacBook-Pro.local

[2014-09-01 20:42:19 #2 type] 
Type raspi.identities.PositionWrapper is not enhanced.

------------------------------------------------------------------------------------------------------------------------

[2014-09-01 20:42:59 #1 store] 
Database '/Users/thomasverbeke/Code/Project/ttrex_raspi/track.odb' is opened by 28398@Thomas-MacBook-Pro.local

[2014-09-01 20:42:59 #2 type] 
Type raspi.identities.PositionWrapper is not enhanced.

------------------------------------------------------------------------------------------------------------------------

[2014-09-01 20:43:16 #1 store] 
Database '/Users/thomasverbeke/Code/Project/ttrex_raspi/track.odb' is opened by 28405@Thomas-MacBook-Pro.local

[2014-09-01 20:43:16 #2 type] 
Type raspi.identities.PositionWrapper is not enhanced.

